<?xml version="1.0" encoding="UTF-8"?>
<testsuite xmlns:xsi="http://www.w3.org/2001/XMLSchema-instance" xsi:noNamespaceSchemaLocation="https://maven.apache.org/surefire/maven-surefire-plugin/xsd/surefire-test-report.xsd" name="com.mizeress.AppTest" time="2.312" tests="5" errors="0" skipped="0" failures="0">
  <properties>
    <property name="java.specification.version" value="24"/>
    <property name="sun.cpu.isalist" value="amd64"/>
    <property name="sun.jnu.encoding" value="Cp1252"/>
    <property name="java.class.path" value="C:\Users\Mizeress\OneDrive\Documents\Programming\randomimage\target\test-classes;C:\Users\Mizeress\OneDrive\Documents\Programming\randomimage\target\classes;C:\Users\Mizeress\.m2\repository\junit\junit\4.11\junit-4.11.jar;C:\Users\Mizeress\.m2\repository\org\hamcrest\hamcrest-core\1.3\hamcrest-core-1.3.jar;C:\Users\Mizeress\.m2\repository\net\java\dev\jna\jna\5.14.0\jna-5.14.0.jar;C:\Users\Mizeress\.m2\repository\net\java\dev\jna\jna-platform\5.14.0\jna-platform-5.14.0.jar;C:\Users\Mizeress\.m2\repository\org\sejda\imageio\webp-imageio\0.1.6\webp-imageio-0.1.6.jar;"/>
    <property name="java.vm.vendor" value="Oracle Corporation"/>
    <property name="sun.arch.data.model" value="64"/>
    <property name="user.variant" value=""/>
    <property name="java.vendor.url" value="https://java.oracle.com/"/>
    <property name="user.timezone" value="America/New_York"/>
    <property name="os.name" value="Windows 11"/>
    <property name="java.vm.specification.version" value="24"/>
    <property name="user.country" value="US"/>
    <property name="sun.java.launcher" value="SUN_STANDARD"/>
    <property name="sun.boot.library.path" value="C:\Java\openJdk-24\bin"/>
    <property name="sun.java.command" value="C:\Users\Mizeress\AppData\Local\Temp\surefire11648533652141151958\surefirebooter6030994054698443712.jar C:\Users\Mizeress\AppData\Local\Temp\surefire11648533652141151958 2025-09-20T14-17-50_093-jvmRun1 surefire16460685796602240639tmp surefire_04419992533311520015tmp"/>
    <property name="jdk.debug" value="release"/>
    <property name="surefire.test.class.path" value="C:\Users\Mizeress\OneDrive\Documents\Programming\randomimage\target\test-classes;C:\Users\Mizeress\OneDrive\Documents\Programming\randomimage\target\classes;C:\Users\Mizeress\.m2\repository\junit\junit\4.11\junit-4.11.jar;C:\Users\Mizeress\.m2\repository\org\hamcrest\hamcrest-core\1.3\hamcrest-core-1.3.jar;C:\Users\Mizeress\.m2\repository\net\java\dev\jna\jna\5.14.0\jna-5.14.0.jar;C:\Users\Mizeress\.m2\repository\net\java\dev\jna\jna-platform\5.14.0\jna-platform-5.14.0.jar;C:\Users\Mizeress\.m2\repository\org\sejda\imageio\webp-imageio\0.1.6\webp-imageio-0.1.6.jar;"/>
    <property name="sun.cpu.endian" value="little"/>
    <property name="user.home" value="C:\Users\Mizeress"/>
    <property name="user.language" value="en"/>
    <property name="java.specification.vendor" value="Oracle Corporation"/>
    <property name="java.version.date" value="2025-04-15"/>
    <property name="java.home" value="C:\Java\openJdk-24"/>
    <property name="file.separator" value="\"/>
    <property name="basedir" value="C:\Users\Mizeress\OneDrive\Documents\Programming\randomimage"/>
    <property name="java.vm.compressedOopsMode" value="Zero based"/>
    <property name="line.separator" value="&#10;"/>
    <property name="java.vm.specification.vendor" value="Oracle Corporation"/>
    <property name="java.specification.name" value="Java Platform API Specification"/>
    <property name="surefire.real.class.path" value="C:\Users\Mizeress\AppData\Local\Temp\surefire11648533652141151958\surefirebooter6030994054698443712.jar"/>
    <property name="user.script" value=""/>
    <property name="sun.management.compiler" value="HotSpot 64-Bit Tiered Compilers"/>
    <property name="java.runtime.version" value="24.0.1+9-30"/>
    <property name="user.name" value="Mizeress"/>
    <property name="stdout.encoding" value="Cp1252"/>
    <property name="path.separator" value=";"/>
    <property name="os.version" value="10.0"/>
    <property name="java.runtime.name" value="OpenJDK Runtime Environment"/>
    <property name="file.encoding" value="UTF-8"/>
    <property name="java.vm.name" value="OpenJDK 64-Bit Server VM"/>
    <property name="maven.ext.class.path" value="C:\Users\Mizeress\.vscode\extensions\oracle.oracle-java-24.1.0\nbcode\java\maven-nblib\netbeans-eventspy.jar"/>
    <property name="localRepository" value="C:\Users\Mizeress\.m2\repository"/>
    <property name="java.vendor.url.bug" value="https://bugreport.java.com/bugreport/"/>
    <property name="java.io.tmpdir" value="C:\Users\Mizeress\AppData\Local\Temp\"/>
    <property name="java.version" value="24.0.1"/>
    <property name="user.dir" value="C:\Users\Mizeress\OneDrive\Documents\Programming\randomimage"/>
    <property name="os.arch" value="amd64"/>
    <property name="java.vm.specification.name" value="Java Virtual Machine Specification"/>
    <property name="sun.os.patch.level" value=""/>
    <property name="native.encoding" value="Cp1252"/>
    <property name="java.library.path" value="C:\Java\openJdk-24\bin;C:\WINDOWS\Sun\Java\bin;C:\WINDOWS\system32;C:\WINDOWS;C:\Program Files\Oculus\Support\oculus-runtime;C:\WINDOWS\system32;C:\WINDOWS;C:\WINDOWS\System32\Wbem;C:\WINDOWS\System32\WindowsPowerShell\v1.0\;C:\Program Files (x86)\ATI Technologies\ATI.ACE\Core-Static;C:\Program Files (x86)\AMD\ATI.ACE\Core-Static;D:\maven\apache-maven-3.3.9\bin;D:\apache-ant-1.9.7-bin\apache-ant-1.9.7\bin;D:\apache-tomcat-6.0.14\apache-tomcat-6.0.14\lib;C:\Users\Mizeress\.dnx\bin;C:\Program Files\Microsoft DNX\Dnvm\;C:\Program Files (x86)\Calibre2\;C:\WINDOWS\System32\OpenSSH\;D:\AMD\ATI.ACE\Core-Static;G:\PlayGround\;C:\Program Files (x86)\Microsoft SQL Server\160\DTS\Binn\;C:\Program Files\Azure Data Studio\bin;C:\Program Files\Microsoft SQL Server\150\Tools\Binn\;C:\Program Files\Microsoft SQL Server\Client SDK\ODBC\170\Tools\Binn\;C:\Program Files\dotnet\;C:\Program Files\Git\cmd;C:\Program Files (x86)\Windows Kits\10\Windows Performance Toolkit\;C:\WINDOWS\system32;C:\WINDOWS;C:\WINDOWS\System32\Wbem;C:\WINDOWS\System32\WindowsPowerShell\v1.0\;C:\WINDOWS\System32\OpenSSH\;C:\Java\openJdk-24\bin;C:\Users\Mizeress\anaconda3;C:\Users\Mizeress\anaconda3\Library\mingw-w64\bin;C:\Users\Mizeress\anaconda3\Library\usr\bin;C:\Users\Mizeress\anaconda3\Library\bin;C:\Users\Mizeress\anaconda3\Scripts;C:\Users\Mizeress\AppData\Local\Microsoft\WindowsApps;C:\Program Files\Azure Data Studio\bin;C:\Users\Mizeress\.dotnet\tools;C:\Users\Mizeress\AppData\Local\Programs\Microsoft VS Code\bin;C:\Users\Mizeress\AppData\Local\GitHubDesktop\bin;;."/>
    <property name="java.vm.info" value="mixed mode, sharing"/>
    <property name="stderr.encoding" value="Cp1252"/>
    <property name="java.vendor" value="Oracle Corporation"/>
    <property name="java.vm.version" value="24.0.1+9-30"/>
    <property name="sun.io.unicode.encoding" value="UnicodeLittle"/>
    <property name="java.class.version" value="68.0"/>
  </properties>
  <testcase name="ImageSourceResolve" classname="com.mizeress.AppTest" time="0.017"/>
  <testcase name="configReadWrite" classname="com.mizeress.AppTest" time="0"/>
  <testcase name="changeBackgroundWindows" classname="com.mizeress.AppTest" time="1.065"/>
  <testcase name="getImageFromDirectory" classname="com.mizeress.AppTest" time="0.053"/>
  <testcase name="getImageFromAPI" classname="com.mizeress.AppTest" time="1.14"/>
</testsuite>